Arguments: 
  /home/leo/.nvm/versions/node/v10.15.0/bin/node /home/leo/.nvm/versions/node/v10.15.0/bin/yarn add node-addond-api

PATH: 
  /home/leo/.nvm/versions/node/v10.15.0/bin:/usr/local/sbin:/usr/local/bin:/usr/sbin:/usr/bin:/sbin:/bin:/usr/games:/usr/local/games:/snap/bin

Yarn version: 
  1.13.0

Node version: 
  10.15.0

Platform: 
  linux x64

Trace: 
  Error: https://registry.yarnpkg.com/node-addond-api: Not found
      at Request.params.callback [as _callback] (/home/leo/.nvm/versions/node/v10.15.0/lib/node_modules/yarn/lib/cli.js:66255:18)
      at Request.self.callback (/home/leo/.nvm/versions/node/v10.15.0/lib/node_modules/yarn/lib/cli.js:129397:22)
      at Request.emit (events.js:182:13)
      at Request.<anonymous> (/home/leo/.nvm/versions/node/v10.15.0/lib/node_modules/yarn/lib/cli.js:130369:10)
      at Request.emit (events.js:182:13)
      at IncomingMessage.<anonymous> (/home/leo/.nvm/versions/node/v10.15.0/lib/node_modules/yarn/lib/cli.js:130291:12)
      at Object.onceWrapper (events.js:273:13)
      at IncomingMessage.emit (events.js:187:15)
      at endReadableNT (_stream_readable.js:1094:12)
      at process._tickCallback (internal/process/next_tick.js:63:19)

npm manifest: 
  {
    "name": "node-native-processes",
    "version": "1.0.0",
    "description": "",
    "main": "index.js",
    "scripts": {
      "test": "echo \"Error: no test specified\" && exit 1"
    },
    "keywords": [],
    "author": "",
    "license": "ISC"
  }

yarn manifest: 
  No manifest

Lockfile: 
  No lockfile
